SF:lib\screens\NewLogin.dart
DA:16,6
DA:17,6
DA:18,6
DA:20,2
DA:21,2
DA:25,2
DA:27,2
DA:28,4
DA:32,0
DA:34,0
DA:35,0
DA:37,0
DA:42,0
DA:43,0
DA:45,0
DA:58,0
DA:60,0
DA:63,0
DA:64,0
DA:65,0
DA:66,0
DA:68,0
DA:70,0
DA:71,0
DA:72,0
DA:73,0
DA:74,0
DA:80,0
DA:81,0
DA:82,0
DA:83,0
DA:89,0
DA:90,0
DA:91,0
DA:92,0
DA:93,0
DA:97,0
DA:98,0
DA:99,0
DA:100,0
DA:106,0
DA:114,2
DA:125,2
DA:127,2
DA:129,2
DA:130,2
DA:139,2
DA:140,2
DA:143,2
DA:145,2
DA:172,2
DA:176,2
DA:178,2
DA:180,2
DA:198,2
DA:200,2
DA:201,2
DA:202,2
DA:203,2
DA:205,2
DA:207,2
DA:208,1
DA:209,1
DA:214,2
DA:215,2
DA:219,2
DA:221,2
DA:222,2
DA:224,2
DA:228,2
DA:229,2
DA:230,2
DA:236,2
DA:237,2
DA:238,2
DA:248,2
DA:249,2
DA:251,2
DA:252,3
DA:255,2
DA:256,2
DA:258,2
DA:263,2
DA:264,0
DA:265,0
DA:266,2
DA:267,2
DA:272,2
DA:273,2
DA:275,2
DA:279,2
DA:280,2
DA:281,2
DA:287,2
DA:288,2
DA:289,2
DA:306,2
DA:308,2
DA:316,2
DA:317,2
DA:318,1
DA:319,3
DA:320,0
DA:321,0
DA:323,0
DA:324,0
DA:326,0
DA:327,3
DA:328,0
DA:346,2
DA:347,2
DA:353,2
DA:354,2
DA:355,2
DA:361,2
DA:367,2
DA:368,2
LF:117
LH:76
end_of_record
SF:lib\SuggestedRouteBloc\Repo\SuggestedRoutes_Repo.dart
DA:18,0
DA:20,0
DA:21,0
DA:22,0
DA:24,0
DA:28,0
DA:30,0
DA:34,0
DA:36,0
DA:37,0
DA:39,0
DA:43,0
DA:44,0
DA:46,0
DA:47,0
DA:50,0
DA:52,0
DA:54,0
DA:55,0
DA:56,0
DA:57,0
DA:58,0
DA:59,0
DA:61,0
DA:62,0
DA:63,0
DA:64,0
DA:65,0
DA:69,0
DA:70,0
DA:76,0
DA:81,0
DA:83,0
DA:84,0
DA:85,0
DA:87,0
DA:91,0
DA:93,0
DA:102,0
DA:103,0
DA:104,0
DA:105,0
DA:106,0
DA:107,0
DA:108,0
DA:109,0
DA:110,0
DA:111,0
DA:112,0
DA:113,0
DA:115,0
DA:116,0
DA:118,0
DA:119,0
DA:121,0
DA:128,0
DA:129,0
DA:130,0
DA:131,0
DA:132,0
DA:133,0
DA:134,0
DA:136,0
DA:138,0
LF:64
LH:0
end_of_record
SF:lib\SuggestedRouteBloc\models\SuggestedRoutes.dart
DA:9,2
DA:14,0
DA:18,0
DA:19,0
DA:20,0
DA:24,0
DA:25,0
DA:26,0
DA:27,0
DA:31,0
DA:32,0
DA:33,0
DA:34,0
DA:35,0
DA:36,0
DA:42,0
DA:43,0
DA:48,0
DA:61,2
DA:66,0
DA:67,0
DA:68,0
DA:69,0
DA:73,0
DA:74,0
DA:75,0
DA:76,0
LF:27
LH:2
end_of_record
SF:lib\SuggestedRouteBloc\bloc\suggested_route_bloc_event.dart
DA:4,3
DA:6,0
DA:7,0
DA:14,1
DA:19,0
DA:20,0
DA:26,1
DA:28,0
DA:29,0
DA:35,0
DA:37,0
DA:38,0
DA:42,3
DA:44,0
DA:45,0
DA:52,1
DA:55,0
DA:56,0
LF:18
LH:5
end_of_record
SF:lib\SuggestedRouteBloc\bloc\suggested_route_bloc_state.dart
DA:5,5
DA:7,0
DA:8,0
DA:12,3
DA:14,1
DA:15,1
DA:20,2
DA:22,1
DA:23,2
DA:28,1
DA:30,1
DA:31,2
DA:35,3
DA:37,1
DA:38,1
LF:15
LH:13
end_of_record
SF:lib\SuggestedRouteBloc\bloc\suggested_route_bloc_bloc.dart
DA:14,4
DA:15,4
DA:16,2
DA:18,2
DA:19,4
DA:20,1
DA:21,2
DA:24,2
DA:25,3
DA:27,1
DA:36,2
DA:37,4
DA:38,4
DA:41,2
DA:42,3
DA:44,1
DA:47,1
DA:48,3
LF:18
LH:18
end_of_record
SF:lib\CustomRouteBloc\Repo\CustomRoutes_Repo.dart
DA:10,0
DA:26,0
DA:35,0
DA:36,0
DA:37,0
DA:38,0
DA:39,0
DA:40,0
DA:41,0
DA:42,0
DA:43,0
DA:44,0
DA:46,0
DA:68,0
DA:69,0
DA:70,0
DA:71,0
DA:76,0
DA:97,0
DA:98,0
DA:99,0
DA:100,0
DA:101,0
DA:102,0
DA:103,0
DA:104,0
DA:106,0
DA:107,0
DA:109,0
DA:110,0
DA:112,0
DA:113,0
DA:116,0
DA:118,0
DA:119,0
DA:120,0
DA:126,0
DA:127,0
DA:128,0
DA:129,0
LF:40
LH:0
end_of_record
SF:lib\classes\custom_route.dart
DA:20,0
DA:22,0
DA:25,0
DA:28,0
DA:30,0
DA:31,0
DA:33,0
DA:35,0
DA:38,0
DA:39,0
DA:40,0
DA:56,0
DA:59,0
DA:61,0
DA:64,0
DA:65,0
DA:67,0
DA:69,0
DA:70,0
DA:75,0
DA:80,0
DA:81,0
DA:82,0
DA:83,0
DA:84,0
DA:85,0
DA:87,0
DA:90,0
LF:28
LH:0
end_of_record
SF:lib\CustomRouteBloc\models\CustomRoutes.dart
DA:9,2
DA:14,0
DA:18,0
DA:19,0
DA:20,0
DA:24,0
DA:25,0
DA:26,0
DA:27,0
DA:31,0
DA:32,0
DA:33,0
DA:34,0
DA:35,0
DA:36,0
DA:42,0
DA:43,0
DA:48,0
DA:61,2
DA:66,0
DA:67,0
DA:68,0
DA:69,0
DA:73,0
DA:74,0
DA:75,0
DA:76,0
LF:27
LH:2
end_of_record
SF:lib\CustomRouteBloc\bloc\Custom_route_bloc_bloc.dart
DA:13,4
DA:14,4
DA:15,2
DA:17,2
DA:18,4
DA:19,1
DA:20,2
DA:23,2
DA:24,3
DA:26,1
DA:35,2
DA:36,4
DA:37,4
DA:46,1
DA:47,3
LF:15
LH:15
end_of_record
SF:lib\CustomRouteBloc\bloc\Custom_route_bloc_event.dart
DA:4,3
DA:6,0
DA:7,0
DA:14,1
DA:19,0
DA:20,0
DA:26,1
DA:28,0
DA:29,0
DA:35,1
DA:37,0
DA:38,0
DA:42,3
DA:44,0
DA:45,0
LF:15
LH:5
end_of_record
SF:lib\CustomRouteBloc\bloc\Custom_route_bloc_state.dart
DA:5,5
DA:7,0
DA:8,0
DA:12,3
DA:14,1
DA:15,1
DA:20,2
DA:22,1
DA:23,2
DA:28,1
DA:30,1
DA:31,2
DA:35,3
DA:37,1
DA:38,1
LF:15
LH:13
end_of_record
SF:lib\classes\my_db.dart
DA:31,0
DA:32,0
DA:33,0
DA:35,0
DA:37,0
DA:38,0
DA:39,0
DA:40,0
DA:43,0
DA:46,0
LF:10
LH:0
end_of_record
SF:lib\AllRouteBloc\Repo\AllRoutes_Repo.dart
DA:17,0
DA:19,0
DA:20,0
DA:21,0
DA:23,0
DA:27,0
DA:29,0
DA:38,0
DA:40,0
DA:41,0
DA:43,0
DA:65,0
DA:66,0
DA:68,0
DA:75,0
DA:78,0
DA:80,0
DA:82,0
DA:83,0
DA:84,0
DA:85,0
DA:87,0
DA:88,0
DA:90,0
DA:91,0
DA:92,0
DA:93,0
DA:94,0
DA:98,0
DA:99,0
DA:105,0
DA:120,0
DA:122,0
DA:123,0
DA:124,0
DA:126,0
DA:130,0
DA:132,0
LF:38
LH:0
end_of_record
SF:lib\AllRouteBloc\models\AllRoutes.dart
DA:9,2
DA:14,0
DA:18,0
DA:19,0
DA:20,0
DA:24,0
DA:25,0
DA:26,0
DA:27,0
DA:31,0
DA:32,0
DA:33,0
DA:34,0
DA:35,0
DA:36,0
DA:42,0
DA:43,0
DA:48,0
DA:61,2
DA:66,0
DA:67,0
DA:68,0
DA:69,0
DA:73,0
DA:74,0
DA:75,0
DA:76,0
LF:27
LH:2
end_of_record
SF:lib\AllRouteBloc\bloc\all_route_bloc_state.dart
DA:5,5
DA:7,0
DA:8,0
DA:12,3
DA:14,1
DA:15,1
DA:20,2
DA:22,1
DA:23,2
DA:28,1
DA:30,1
DA:31,2
LF:12
LH:10
end_of_record
SF:lib\AllRouteBloc\bloc\all_route_bloc_bloc.dart
DA:14,4
DA:15,4
DA:16,2
DA:18,2
DA:19,4
DA:20,1
DA:21,2
DA:24,2
DA:25,3
DA:26,1
DA:27,2
DA:36,2
DA:37,4
DA:38,4
DA:41,2
DA:42,4
DA:43,1
DA:44,2
DA:47,1
DA:48,3
LF:20
LH:20
end_of_record
SF:lib\AllRouteBloc\bloc\all_route_bloc_event.dart
DA:4,3
DA:6,0
DA:7,0
DA:14,1
DA:19,0
DA:20,0
DA:26,1
DA:28,0
DA:29,0
DA:42,3
DA:44,0
DA:45,0
DA:52,1
DA:56,0
DA:57,0
LF:15
LH:5
end_of_record
SF:lib\AllRouteBloc\AllRouteUI.dart
DA:10,1
DA:12,1
DA:13,1
DA:17,1
DA:20,4
DA:21,1
DA:22,0
DA:23,1
DA:26,1
DA:27,1
DA:28,1
DA:29,2
DA:30,1
DA:32,1
DA:34,1
DA:38,1
DA:39,1
DA:40,1
DA:44,1
DA:45,1
DA:47,1
DA:48,2
DA:49,1
DA:50,1
DA:51,1
DA:52,1
DA:53,4
DA:55,1
DA:57,1
DA:58,1
DA:59,1
DA:60,1
DA:61,1
DA:67,1
DA:69,1
DA:78,1
DA:80,1
DA:82,1
DA:83,3
DA:84,3
DA:101,0
DA:115,1
DA:116,1
DA:117,1
DA:118,1
DA:119,1
DA:121,1
DA:123,1
DA:135,1
DA:136,1
DA:137,1
DA:138,1
DA:139,1
DA:140,1
DA:142,1
DA:147,1
DA:149,1
DA:150,1
DA:151,2
DA:162,1
DA:164,1
DA:165,3
DA:173,3
DA:180,1
DA:181,1
DA:182,1
DA:194,1
DA:196,1
DA:197,1
DA:198,0
DA:199,0
LF:71
LH:67
end_of_record
SF:lib\CustomRouteBloc\CustomRouteUI.dart
DA:11,1
DA:13,1
DA:14,1
DA:18,1
DA:21,4
DA:22,1
DA:23,0
DA:24,1
DA:27,1
DA:28,1
DA:29,1
DA:30,2
DA:31,1
DA:33,1
DA:34,1
DA:62,1
DA:63,1
DA:64,1
DA:65,0
DA:66,0
DA:69,1
DA:70,1
DA:71,1
DA:75,1
DA:76,1
DA:77,0
DA:78,0
DA:79,0
DA:81,1
DA:83,1
DA:84,2
DA:85,1
DA:86,1
DA:87,1
DA:88,1
DA:89,4
DA:91,1
DA:93,1
DA:94,1
DA:95,1
DA:96,1
DA:101,1
DA:102,1
DA:103,1
DA:109,1
DA:111,1
DA:112,1
DA:113,0
DA:114,0
DA:115,0
DA:117,0
DA:118,0
DA:120,0
DA:122,1
DA:132,1
DA:134,1
DA:135,3
DA:136,3
DA:152,0
DA:167,1
DA:168,1
DA:169,1
DA:170,1
DA:171,1
DA:173,1
DA:175,1
DA:187,1
DA:188,1
DA:189,1
DA:190,1
DA:191,1
DA:192,1
DA:194,1
DA:199,1
DA:201,1
DA:202,1
DA:203,2
DA:214,1
DA:216,1
DA:217,3
DA:225,3
DA:232,1
DA:233,1
DA:234,1
DA:246,1
DA:248,1
DA:249,1
DA:250,0
DA:251,0
DA:264,0
DA:265,0
DA:266,0
DA:267,0
DA:269,0
DA:270,0
DA:271,0
DA:273,0
DA:274,0
DA:275,0
DA:276,0
DA:284,0
DA:286,0
DA:289,0
DA:290,0
DA:291,0
DA:292,0
DA:293,0
DA:294,0
DA:296,0
DA:297,0
DA:298,0
DA:300,0
DA:302,0
LF:113
LH:74
end_of_record
SF:lib\SuggestedRouteBloc\SuggestedRouteUI.dart
DA:9,1
DA:11,1
DA:12,1
DA:16,1
DA:18,2
DA:19,0
DA:20,2
DA:21,1
DA:22,0
DA:24,1
DA:28,1
DA:29,1
DA:30,1
DA:32,1
DA:34,1
DA:35,2
DA:40,1
DA:46,1
DA:47,1
DA:48,1
DA:49,2
DA:50,1
DA:51,1
DA:52,1
DA:55,1
DA:65,1
DA:69,0
DA:71,0
DA:74,0
DA:87,0
DA:88,0
DA:90,0
DA:91,0
DA:98,1
DA:99,1
DA:100,1
DA:101,0
DA:102,0
DA:105,1
DA:106,1
DA:107,1
DA:111,1
DA:112,1
DA:113,0
DA:114,0
DA:115,0
DA:117,1
DA:119,1
DA:120,2
DA:121,1
DA:122,1
DA:123,1
DA:124,0
DA:126,0
DA:128,1
DA:130,1
DA:131,1
DA:132,1
DA:134,1
DA:139,1
DA:140,1
DA:141,1
DA:147,1
DA:151,1
DA:153,1
DA:154,1
DA:155,0
DA:156,0
DA:157,0
DA:160,0
DA:161,0
DA:164,1
DA:171,1
DA:172,1
DA:173,0
DA:174,0
DA:177,0
DA:178,0
DA:181,1
DA:192,1
DA:194,1
DA:195,3
DA:196,3
DA:212,0
DA:227,0
DA:228,0
DA:229,0
DA:230,0
DA:231,0
DA:233,0
DA:235,0
DA:247,0
DA:248,0
DA:249,0
DA:250,0
DA:251,0
DA:252,0
DA:254,0
DA:259,0
DA:261,0
DA:262,0
DA:263,0
DA:274,0
DA:276,0
DA:277,0
DA:285,0
DA:292,0
DA:293,0
DA:294,0
DA:306,0
DA:308,0
DA:309,0
DA:310,0
DA:311,0
DA:324,0
DA:325,0
DA:326,0
DA:327,0
DA:344,0
DA:346,0
DA:349,0
DA:350,0
DA:351,0
DA:352,0
DA:354,0
DA:355,0
DA:356,0
DA:358,0
LF:128
LH:58
end_of_record
SF:lib\classes\catalogue.dart
DA:6,0
DA:10,0
DA:11,0
DA:13,0
DA:14,0
DA:15,0
DA:16,0
DA:18,0
DA:19,0
DA:20,0
DA:23,0
LF:11
LH:0
end_of_record
SF:lib\classes\google_api.dart
DA:15,0
DA:16,0
DA:17,0
DA:18,0
DA:20,0
DA:21,0
DA:25,0
DA:27,0
DA:29,0
DA:31,0
DA:33,0
DA:34,0
DA:35,0
DA:36,0
DA:39,0
DA:41,0
DA:46,0
DA:47,0
DA:48,0
DA:50,0
DA:51,0
DA:55,0
DA:57,0
DA:59,0
DA:60,0
DA:61,0
DA:62,0
DA:64,0
DA:65,0
DA:70,0
DA:71,0
DA:72,0
DA:74,0
DA:75,0
DA:79,0
DA:81,0
DA:83,0
DA:84,0
DA:85,0
DA:87,0
DA:91,0
DA:92,0
DA:95,0
DA:97,0
DA:98,0
DA:102,0
DA:104,0
DA:106,0
DA:107,0
DA:108,0
DA:109,0
DA:111,0
DA:112,0
DA:113,0
DA:114,0
DA:115,0
DA:116,0
DA:117,0
DA:119,0
DA:122,0
DA:124,0
LF:61
LH:0
end_of_record
SF:lib\classes\google_place.dart
DA:10,0
DA:12,0
DA:13,0
DA:14,0
LF:4
LH:0
end_of_record
SF:lib\classes\located_google_place.dart
DA:8,0
LF:1
LH:0
end_of_record
SF:lib\classes\lat_lng_extension.dart
DA:5,0
DA:6,0
DA:7,0
DA:8,0
DA:9,0
DA:14,0
DA:15,0
DA:18,0
DA:20,0
DA:21,0
DA:23,0
DA:24,0
DA:25,0
DA:26,0
DA:28,0
DA:29,0
DA:33,0
DA:37,0
DA:38,0
DA:39,0
DA:40,0
DA:41,0
DA:42,0
DA:44,0
DA:45,0
DA:48,0
DA:49,0
DA:50,0
DA:51,0
DA:53,0
LF:30
LH:0
end_of_record
SF:lib\classes\star.dart
DA:10,0
DA:12,0
DA:13,0
DA:15,0
DA:16,0
DA:17,0
DA:18,0
DA:19,0
LF:8
LH:0
end_of_record
SF:lib\classes\viable_route.dart
DA:11,0
DA:13,0
DA:15,0
DA:21,0
DA:23,0
DA:25,0
DA:26,0
DA:31,0
DA:32,0
DA:33,0
DA:34,0
LF:11
LH:0
end_of_record
SF:lib\components\constants.dart
DA:9,1
DA:10,1
DA:12,1
DA:17,0
DA:18,0
DA:23,0
DA:24,0
LF:7
LH:3
end_of_record
SF:lib\my_theme.dart
DA:22,0
DA:23,0
DA:24,0
DA:25,0
DA:28,0
DA:29,0
DA:39,0
DA:40,0
DA:41,0
DA:42,0
DA:45,0
DA:46,0
DA:50,0
DA:51,0
DA:52,0
DA:53,0
DA:54,0
DA:55,0
DA:61,0
DA:88,0
DA:89,0
LF:21
LH:0
end_of_record
SF:lib\providers\from_provider.dart
DA:10,0
DA:15,0
DA:16,0
DA:17,0
DA:18,0
DA:19,0
DA:22,0
DA:23,0
DA:24,0
DA:25,0
DA:26,0
DA:29,0
DA:30,0
LF:13
LH:0
end_of_record
SF:lib\providers\route_provider.dart
DA:12,0
DA:14,0
DA:15,0
DA:16,0
DA:17,0
DA:20,0
DA:21,0
DA:22,0
DA:23,0
DA:24,0
DA:32,0
DA:33,0
DA:34,0
DA:39,0
DA:40,0
DA:42,0
DA:44,0
DA:45,0
DA:48,0
DA:49,0
DA:50,0
DA:52,0
DA:53,0
DA:54,0
DA:55,0
DA:56,0
DA:57,0
DA:58,0
DA:61,0
DA:63,0
LF:30
LH:0
end_of_record
SF:lib\providers\to_provider.dart
DA:10,0
DA:15,0
DA:16,0
DA:17,0
DA:18,0
DA:19,0
DA:22,0
DA:23,0
DA:24,0
DA:25,0
DA:26,0
DA:29,0
DA:30,0
LF:13
LH:0
end_of_record
SF:lib\providers\search_suggestion_provider.dart
DA:7,0
DA:8,0
DA:9,0
DA:12,0
DA:13,0
DA:15,0
DA:17,0
DA:18,0
DA:21,0
DA:22,0
DA:23,0
LF:11
LH:0
end_of_record
SF:lib\providers\star_provider.dart
DA:9,0
DA:11,0
DA:12,0
DA:13,0
DA:14,0
DA:15,0
DA:16,0
DA:17,0
DA:18,0
DA:21,0
DA:24,0
DA:25,0
DA:27,0
DA:30,0
DA:31,0
DA:32,0
DA:35,0
DA:36,0
DA:39,0
DA:41,0
DA:42,0
LF:21
LH:0
end_of_record
SF:lib\screens\HomeScreen.dart
DA:13,1
DA:15,0
DA:17,0
DA:19,0
DA:22,0
DA:35,0
DA:36,0
DA:38,0
DA:39,0
DA:43,1
DA:45,2
DA:47,1
DA:50,1
DA:51,1
DA:52,1
DA:53,1
DA:55,0
DA:56,0
DA:63,1
DA:65,1
DA:67,1
DA:68,1
DA:71,0
DA:73,0
DA:75,0
DA:76,0
DA:81,1
DA:83,1
DA:85,1
DA:86,1
DA:87,1
DA:90,1
DA:92,1
DA:94,1
DA:95,1
DA:129,1
DA:132,0
DA:138,0
DA:139,0
DA:143,1
DA:145,1
DA:147,1
DA:148,1
DA:149,1
DA:152,1
DA:154,1
DA:156,1
DA:157,1
DA:191,1
DA:194,0
DA:200,0
DA:202,0
DA:203,0
DA:205,1
DA:206,1
DA:207,1
DA:208,1
DA:210,1
DA:211,1
DA:212,1
DA:215,1
DA:217,1
DA:219,1
DA:220,1
DA:254,1
DA:257,0
DA:263,0
DA:264,0
DA:266,1
DA:267,1
DA:268,1
DA:269,1
DA:271,1
DA:272,1
DA:273,1
DA:276,1
DA:278,1
DA:280,1
DA:281,1
DA:353,0
DA:355,0
DA:357,0
DA:367,0
DA:368,0
DA:370,0
DA:372,0
DA:374,0
DA:375,0
DA:376,0
DA:378,0
LF:90
LH:55
end_of_record
SF:lib\screens\set_points_view_routes.dart
DA:17,2
DA:19,0
DA:20,0
DA:24,0
DA:26,0
DA:27,0
DA:28,0
DA:29,0
DA:30,0
DA:36,0
DA:37,0
DA:38,0
DA:39,0
DA:40,0
DA:41,0
DA:49,0
DA:50,0
DA:51,0
DA:53,0
DA:54,0
DA:55,0
DA:56,0
DA:57,0
DA:58,0
DA:72,0
DA:73,0
DA:74,0
DA:75,0
DA:76,0
DA:79,0
DA:80,0
DA:81,0
DA:82,0
DA:84,0
DA:85,0
DA:86,0
DA:87,0
DA:89,0
DA:91,0
DA:93,0
DA:94,0
DA:96,0
DA:97,0
DA:100,0
DA:103,0
DA:105,0
DA:107,0
DA:109,0
DA:111,0
DA:113,0
DA:114,0
DA:116,0
DA:118,0
DA:120,0
DA:123,0
DA:124,0
DA:131,0
DA:133,0
DA:134,0
DA:135,0
DA:136,0
DA:152,0
DA:153,0
DA:155,0
DA:157,0
DA:158,0
DA:163,0
DA:165,0
DA:167,0
DA:169,0
DA:171,0
DA:174,0
DA:176,0
DA:177,0
DA:184,0
DA:185,0
DA:203,0
DA:205,0
DA:207,0
DA:208,0
DA:209,0
DA:210,0
DA:211,0
DA:212,0
DA:217,0
DA:219,0
DA:220,0
LF:87
LH:1
end_of_record
SF:lib\widgets\Add_Route.dart
DA:8,1
DA:11,1
DA:13,1
DA:15,1
DA:17,1
DA:22,1
DA:24,1
DA:25,1
DA:27,0
DA:30,1
DA:32,0
DA:33,0
DA:34,0
DA:36,0
DA:49,4
DA:51,0
DA:52,0
DA:66,0
DA:67,0
DA:70,0
DA:71,0
DA:72,0
DA:73,0
DA:74,0
DA:79,0
DA:83,0
DA:84,0
DA:85,0
DA:86,0
DA:87,0
DA:88,0
DA:89,0
DA:95,0
DA:96,0
DA:97,0
DA:98,0
DA:99,0
DA:100,0
DA:102,0
DA:103,0
DA:105,0
DA:107,0
DA:109,0
DA:121,0
DA:123,0
DA:128,0
DA:130,0
DA:138,0
DA:139,0
DA:140,0
DA:141,0
DA:143,0
DA:145,0
DA:149,0
DA:152,0
DA:153,0
DA:162,0
DA:163,0
DA:164,0
DA:165,0
DA:166,0
DA:167,0
DA:169,0
DA:174,0
DA:175,0
DA:181,0
DA:183,0
DA:184,0
DA:185,0
DA:186,0
DA:192,0
DA:193,0
DA:194,0
DA:201,0
DA:202,0
DA:203,0
DA:215,0
DA:217,0
DA:218,0
DA:219,0
DA:220,0
DA:221,0
DA:222,0
DA:225,0
DA:238,0
DA:239,0
DA:241,0
DA:243,0
DA:244,0
DA:248,0
DA:249,0
DA:250,0
DA:251,0
DA:253,0
DA:254,0
DA:255,0
DA:258,0
DA:259,0
DA:260,0
DA:261,0
DA:282,0
DA:285,0
DA:287,0
DA:288,0
DA:289,0
DA:292,0
DA:293,0
DA:295,0
DA:297,0
DA:299,0
DA:300,0
DA:305,0
DA:307,0
DA:308,0
DA:309,0
DA:310,0
DA:311,0
DA:312,0
LF:118
LH:10
end_of_record
SF:lib\widgets\route_radio_list.dart
DA:8,2
DA:9,0
DA:10,0
DA:11,0
DA:12,0
DA:13,0
DA:16,0
DA:21,0
DA:22,0
DA:23,0
DA:24,0
DA:26,0
DA:27,0
DA:28,0
DA:30,0
DA:31,0
DA:32,0
DA:33,0
DA:34,0
DA:36,0
DA:37,0
DA:38,0
DA:39,0
DA:40,0
DA:42,0
DA:43,0
DA:44,0
DA:45,0
DA:46,0
DA:48,0
DA:50,0
DA:53,0
DA:58,0
LF:33
LH:1
end_of_record
SF:lib\widgets\to_from_setter_appbar.dart
DA:12,0
DA:14,0
DA:16,0
DA:17,0
DA:19,0
DA:20,0
DA:21,0
DA:25,0
DA:26,0
DA:27,0
DA:31,0
DA:32,0
DA:33,0
DA:34,0
DA:35,0
DA:37,0
DA:39,0
DA:41,0
DA:42,0
DA:43,0
DA:46,0
DA:48,0
DA:50,0
DA:55,0
DA:56,0
DA:59,0
DA:63,0
DA:66,0
DA:67,0
DA:69,0
DA:71,0
DA:73,0
DA:75,0
DA:79,0
DA:80,0
DA:82,0
DA:84,0
DA:86,0
DA:88,0
DA:90,0
DA:94,0
DA:95,0
DA:98,0
DA:104,0
DA:105,0
DA:114,0
DA:115,0
DA:117,0
DA:119,0
DA:121,0
DA:122,0
DA:123,0
DA:124,0
DA:126,0
DA:127,0
DA:128,0
DA:138,0
DA:139,0
DA:140,0
DA:141,0
DA:142,0
DA:165,0
DA:167,0
DA:169,0
DA:170,0
DA:175,0
DA:176,0
DA:178,0
DA:180,0
DA:182,0
DA:183,0
DA:184,0
DA:186,0
DA:187,0
DA:189,0
DA:193,0
DA:198,0
DA:199,0
DA:201,0
DA:202,0
DA:203,0
DA:204,0
DA:205,0
DA:207,0
DA:208,0
DA:213,0
DA:214,0
DA:217,0
DA:218,0
DA:220,0
DA:225,0
DA:226,0
DA:228,0
DA:249,0
DA:265,0
DA:267,0
DA:268,0
DA:269,0
DA:270,0
DA:271,0
DA:273,0
DA:277,0
DA:279,0
DA:280,0
DA:282,0
DA:283,0
DA:284,0
DA:285,0
DA:286,0
DA:288,0
DA:289,0
DA:290,0
DA:295,0
DA:296,0
DA:299,0
DA:300,0
DA:302,0
DA:307,0
DA:308,0
DA:310,0
DA:330,0
LF:121
LH:0
end_of_record
SF:lib\widgets\map_results.dart
DA:7,0
DA:18,0
DA:19,0
DA:21,0
DA:22,0
DA:23,0
DA:25,0
DA:27,0
DA:28,0
DA:31,0
DA:32,0
DA:34,0
DA:35,0
DA:39,0
DA:40,0
DA:41,0
DA:42,0
DA:44,0
DA:50,0
LF:19
LH:0
end_of_record
